<?xml version="1.0" encoding="UTF-8"?>
<testsuite xmlns:xsi="http://www.w3.org/2001/XMLSchema-instance" xsi:noNamespaceSchemaLocation="https://maven.apache.org/surefire/maven-surefire-plugin/xsd/surefire-test-report-3.0.xsd" version="3.0" name="com.example.payment.service.PaymentServiceTest" time="14.728" tests="3" errors="0" skipped="0" failures="0">
  <properties>
[...]
</properties>
  <testcase name="shouldThrowExceptionWhenIdempotencyViolation" classname="com.example.payment.service.PaymentServiceTest" time="14.575">
    <system-out><![CDATA[15:41:53.526 [main] INFO com.example.payment.service.PaymentService -- Processing payment request with idempotency key: duplicate-key
]]></system-out>
  </testcase>
  <testcase name="shouldHandlePaymentFailureFromProvider" classname="com.example.payment.service.PaymentServiceTest" time="0.052">
    <system-out><![CDATA[15:41:53.651 [main] INFO com.example.payment.service.PaymentService -- Processing payment request with idempotency key: key-fail
]]></system-out>
  </testcase>
  <testcase name="shouldProcessPaymentSuccessfully" classname="com.example.payment.service.PaymentServiceTest" time="0.023">
    <system-out><![CDATA[15:41:53.682 [main] INFO com.example.payment.service.PaymentService -- Processing payment request with idempotency key: unique-key-1
]]></system-out>
  </testcase>
</testsuite>